#
# There is insufficient memory for the Java Runtime Environment to continue.
# Native memory allocation (malloc) failed to allocate 32744 bytes for ChunkPool::allocate
# Possible reasons:
#   The system is out of physical RAM or swap space
#   In 32 bit mode, the process size limit was hit
# Possible solutions:
#   Reduce memory load on the system
#   Increase physical memory or swap space
#   Check if swap backing store is full
#   Use 64 bit Java on a 64 bit OS
#   Decrease Java heap size (-Xmx/-Xms)
#   Decrease number of Java threads
#   Decrease Java thread stack sizes (-Xss)
#   Set larger code cache with -XX:ReservedCodeCacheSize=
# This output file may be truncated or incomplete.
#
#  Out of Memory Error (allocation.cpp:273), pid=12888, tid=0x0000000000002eb8
#
# JRE version: Java(TM) SE Runtime Environment (8.0_101-b13) (build 1.8.0_101-b13)
# Java VM: Java HotSpot(TM) 64-Bit Server VM (25.101-b13 mixed mode windows-amd64 compressed oops)
# Failed to write core dump. Minidumps are not enabled by default on client versions of Windows
#

---------------  T H R E A D  ---------------

Current thread (0x000000001b719800):  JavaThread "C2 CompilerThread0" daemon [_thread_in_native, id=11960, stack(0x000000001bff0000,0x000000001c0f0000)]

Stack: [0x000000001bff0000,0x000000001c0f0000]
[error occurred during error reporting (printing stack bounds), id 0xc0000005]

Native frames: (J=compiled Java code, j=interpreted, Vv=VM code, C=native code)


Current CompileTask:
C2:  28489 5989       4       java.net.URLClassLoader$1::run (5 bytes)


---------------  P R O C E S S  ---------------

Java Threads: ( => current thread )
  0x00000000225d0800 JavaThread "http-bio-8188-AsyncTimeout" daemon [_thread_blocked, id=14676, stack(0x000000002aa40000,0x000000002ab40000)]
  0x00000000225c8800 JavaThread "http-bio-8188-Acceptor-0" daemon [_thread_in_native, id=14024, stack(0x000000002a940000,0x000000002aa40000)]
  0x00000000225ca000 JavaThread "DubboClientReconnectTimer-thread-2" daemon [_thread_blocked, id=15492, stack(0x000000002a840000,0x000000002a940000)]
  0x00000000225cf800 JavaThread "ContainerBackgroundProcessor[StandardEngine[Tomcat]]" daemon [_thread_blocked, id=17292, stack(0x000000002a740000,0x000000002a840000)]
  0x00000000225cd800 JavaThread "dubbo-remoting-client-heartbeat-thread-1" daemon [_thread_blocked, id=12976, stack(0x000000002a240000,0x000000002a340000)]
  0x00000000225cc800 JavaThread "DubboClientHandler-192.168.25.1:20883-thread-1" daemon [_thread_blocked, id=11236, stack(0x000000002a140000,0x000000002a240000)]
  0x00000000225c9800 JavaThread "Hashed wheel timer #1" [_thread_blocked, id=17284, stack(0x000000002a040000,0x000000002a140000)]
  0x00000000225cf000 JavaThread "DubboClientReconnectTimer-thread-1" daemon [_thread_blocked, id=17848, stack(0x0000000029d40000,0x0000000029e40000)]
  0x00000000225ce000 JavaThread "New I/O boss #6" daemon [_thread_in_native, id=12832, stack(0x0000000029c40000,0x0000000029d40000)]
  0x0000000022380000 JavaThread "New I/O worker #5" daemon [_thread_in_native, id=4664, stack(0x0000000029b40000,0x0000000029c40000)]
  0x0000000022385000 JavaThread "New I/O worker #4" daemon [_thread_in_native, id=10884, stack(0x0000000029a40000,0x0000000029b40000)]
  0x0000000022386800 JavaThread "New I/O worker #3" daemon [_thread_in_native, id=1408, stack(0x0000000029940000,0x0000000029a40000)]
  0x0000000022384800 JavaThread "New I/O worker #2" daemon [_thread_in_native, id=6312, stack(0x0000000029840000,0x0000000029940000)]
  0x0000000022380800 JavaThread "New I/O worker #1" daemon [_thread_in_native, id=8644, stack(0x0000000029740000,0x0000000029840000)]
  0x0000000022383800 JavaThread "DubboSaveRegistryCache-thread-1" daemon [_thread_blocked, id=10280, stack(0x0000000029540000,0x0000000029640000)]
  0x0000000022382000 JavaThread "localhost-startStop-1-EventThread" daemon [_thread_blocked, id=7688, stack(0x0000000029340000,0x0000000029440000)]
  0x0000000022383000 JavaThread "localhost-startStop-1-SendThread(192.168.25.129:2181)" daemon [_thread_in_native, id=12824, stack(0x0000000025dc0000,0x0000000025ec0000)]
  0x0000000022381800 JavaThread "ZkClient-EventThread-20-192.168.25.129:2181" daemon [_thread_blocked, id=11612, stack(0x0000000025cc0000,0x0000000025dc0000)]
  0x0000000022386000 JavaThread "DubboRegistryFailedRetryTimer-thread-1" daemon [_thread_blocked, id=17896, stack(0x0000000024760000,0x0000000024860000)]
  0x000000001ec55000 JavaThread "Thread-2" daemon [_thread_in_native, id=11500, stack(0x0000000021b10000,0x0000000021c10000)]
  0x00000000239e8800 JavaThread "localhost-startStop-1" daemon [_thread_blocked, id=14068, stack(0x0000000020a10000,0x0000000020b10000)]
  0x000000001d595800 JavaThread "Tomcat-startStop-1" daemon [_thread_blocked, id=18308, stack(0x000000001f690000,0x000000001f790000)]
  0x000000001b773800 JavaThread "Service Thread" daemon [_thread_blocked, id=4264, stack(0x000000001c2f0000,0x000000001c3f0000)]
  0x000000001b770000 JavaThread "C1 CompilerThread2" daemon [_thread_blocked, id=9084, stack(0x000000001c1f0000,0x000000001c2f0000)]
  0x000000001b76c000 JavaThread "C2 CompilerThread1" daemon [_thread_in_native, id=6296, stack(0x000000001c0f0000,0x000000001c1f0000)]
=>0x000000001b719800 JavaThread "C2 CompilerThread0" daemon [_thread_in_native, id=11960, stack(0x000000001bff0000,0x000000001c0f0000)]
  0x000000001b70d800 JavaThread "JDWP Command Reader" daemon [_thread_in_native, id=16852, stack(0x000000001bef0000,0x000000001bff0000)]
  0x000000001b70a000 JavaThread "JDWP Event Helper Thread" daemon [_thread_blocked, id=11904, stack(0x000000001bdf0000,0x000000001bef0000)]
  0x000000001b6fd000 JavaThread "JDWP Transport Listener: dt_socket" daemon [_thread_blocked, id=8328, stack(0x000000001bcf0000,0x000000001bdf0000)]
  0x000000001a2cb800 JavaThread "Attach Listener" daemon [_thread_blocked, id=2376, stack(0x000000001bbf0000,0x000000001bcf0000)]
  0x000000001b6f8800 JavaThread "Signal Dispatcher" daemon [_thread_blocked, id=7612, stack(0x000000001baf0000,0x000000001bbf0000)]
  0x000000001a25a800 JavaThread "Finalizer" daemon [_thread_blocked, id=8692, stack(0x000000001b4f0000,0x000000001b5f0000)]
  0x000000001a239000 JavaThread "Reference Handler" daemon [_thread_blocked, id=11032, stack(0x000000001b3f0000,0x000000001b4f0000)]
  0x000000000572e800 JavaThread "main" [_thread_blocked, id=2464, stack(0x00000000050f0000,0x00000000051f0000)]

Other Threads:
  0x000000001a238000 VMThread [stack: 0x000000001b2f0000,0x000000001b3f0000] [id=9252]
  0x000000001b78c000 WatcherThread [stack: 0x000000001c3f0000,0x000000001c4f0000] [id=8900]

VM state:not at safepoint (normal execution)

VM Mutex/Monitor currently owned by a thread: None

Heap:
 PSYoungGen      total 210432K, used 49905K [0x00000000d5e00000, 0x00000000e4f80000, 0x0000000100000000)
  eden space 175616K, 28% used [0x00000000d5e00000,0x00000000d8ebc5c8,0x00000000e0980000)
  from space 34816K, 0% used [0x00000000e2d80000,0x00000000e2d80000,0x00000000e4f80000)
  to   space 35840K, 0% used [0x00000000e0980000,0x00000000e0980000,0x00000000e2c80000)
 ParOldGen       total 66560K, used 48254K [0x0000000081a00000, 0x0000000085b00000, 0x00000000d5e00000)
  object space 66560K, 72% used [0x0000000081a00000,0x000000008491f910,0x0000000085b00000)
 Metaspace       used 46720K, capacity 47566K, committed 47872K, reserved 1091584K
  class space    used 5594K, capacity 5843K, committed 5888K, reserved 1048576K

Card table byte_map: [0x0000000014af0000,0x0000000014ef0000] byte_map_base: 0x00000000146e3000

Marking Bits: (ParMarkBitMap*) 0x000000005e23a6d0
 Begin Bits: [0x00000000155a0000, 0x0000000017538000)
 End Bits:   [0x0000000017538000, 0x00000000194d0000)

Polling page: 0x0000000003880000

CodeCache: size=245760Kb used=15967Kb max_used=16184Kb free=229793Kb
 bounds [0x0000000005730000, 0x0000000006710000, 0x0000000014730000]
 total_blobs=5632 nmethods=5161 adapters=391
 compilation: enabled

Compilation events (10 events):
Event: 27.830 Thread 0x000000001b770000 6047       1       org.apache.catalina.LifecycleState::getLifecycleEvent (5 bytes)
Event: 27.830 Thread 0x000000001b770000 nmethod 6047 0x0000000005a32390 code [0x0000000005a324e0, 0x0000000005a325f0]
Event: 27.830 Thread 0x000000001b770000 6044       3       org.apache.catalina.core.ContainerBase::getLoader (31 bytes)
Event: 27.831 Thread 0x000000001b770000 nmethod 6044 0x00000000058e52d0 code [0x00000000058e5460, 0x00000000058e5908]
Event: 27.831 Thread 0x000000001b770000 6048       1       sun.util.calendar.CalendarDate::getMonth (5 bytes)
Event: 27.832 Thread 0x000000001b770000 nmethod 6048 0x0000000005ab4ad0 code [0x0000000005ab4c20, 0x0000000005ab4d30]
Event: 27.832 Thread 0x000000001b770000 6049       1       sun.util.calendar.CalendarDate::getDayOfMonth (5 bytes)
Event: 27.832 Thread 0x000000001b770000 nmethod 6049 0x0000000005cd01d0 code [0x0000000005cd0320, 0x0000000005cd0430]
Event: 27.846 Thread 0x000000001b770000 6050       3       java.util.EventObject::<init> (24 bytes)
Event: 27.846 Thread 0x000000001b770000 nmethod 6050 0x0000000005ccd190 code [0x0000000005ccd320, 0x0000000005ccd608]

GC Heap History (10 events):
Event: 12.714 GC heap before
{Heap before GC invocations=11 (full 2):
 PSYoungGen      total 141312K, used 13290K [0x00000000d5e00000, 0x00000000e5000000, 0x0000000100000000)
  eden space 128000K, 0% used [0x00000000d5e00000,0x00000000d5e00000,0x00000000ddb00000)
  from space 13312K, 99% used [0x00000000ddb00000,0x00000000de7fabc0,0x00000000de800000)
  to   space 35328K, 0% used [0x00000000e2d80000,0x00000000e2d80000,0x00000000e5000000)
 ParOldGen       total 66560K, used 56682K [0x0000000081a00000, 0x0000000085b00000, 0x00000000d5e00000)
  object space 66560K, 85% used [0x0000000081a00000,0x000000008515a9d8,0x0000000085b00000)
 Metaspace       used 28834K, capacity 29604K, committed 29824K, reserved 1075200K
  class space    used 3399K, capacity 3623K, committed 3712K, reserved 1048576K
Event: 12.842 GC heap after
Heap after GC invocations=11 (full 2):
 PSYoungGen      total 141312K, used 0K [0x00000000d5e00000, 0x00000000e5000000, 0x0000000100000000)
  eden space 128000K, 0% used [0x00000000d5e00000,0x00000000d5e00000,0x00000000ddb00000)
  from space 13312K, 0% used [0x00000000ddb00000,0x00000000ddb00000,0x00000000de800000)
  to   space 35328K, 0% used [0x00000000e2d80000,0x00000000e2d80000,0x00000000e5000000)
 ParOldGen       total 66560K, used 46451K [0x0000000081a00000, 0x0000000085b00000, 0x00000000d5e00000)
  object space 66560K, 69% used [0x0000000081a00000,0x000000008475cc40,0x0000000085b00000)
 Metaspace       used 28834K, capacity 29604K, committed 29824K, reserved 1075200K
  class space    used 3399K, capacity 3623K, committed 3712K, reserved 1048576K
}
Event: 13.410 GC heap before
{Heap before GC invocations=12 (full 2):
 PSYoungGen      total 141312K, used 128000K [0x00000000d5e00000, 0x00000000e5000000, 0x0000000100000000)
  eden space 128000K, 100% used [0x00000000d5e00000,0x00000000ddb00000,0x00000000ddb00000)
  from space 13312K, 0% used [0x00000000ddb00000,0x00000000ddb00000,0x00000000de800000)
  to   space 35328K, 0% used [0x00000000e2d80000,0x00000000e2d80000,0x00000000e5000000)
 ParOldGen       total 66560K, used 46451K [0x0000000081a00000, 0x0000000085b00000, 0x00000000d5e00000)
  object space 66560K, 69% used [0x0000000081a00000,0x000000008475cc40,0x0000000085b00000)
 Metaspace       used 28845K, capacity 29614K, committed 29824K, reserved 1075200K
  class space    used 3402K, capacity 3625K, committed 3712K, reserved 1048576K
Event: 13.436 GC heap after
Heap after GC invocations=12 (full 2):
 PSYoungGen      total 210432K, used 22101K [0x00000000d5e00000, 0x00000000e4f80000, 0x0000000100000000)
  eden space 175616K, 0% used [0x00000000d5e00000,0x00000000d5e00000,0x00000000e0980000)
  from space 34816K, 63% used [0x00000000e2d80000,0x00000000e4315798,0x00000000e4f80000)
  to   space 35840K, 0% used [0x00000000e0980000,0x00000000e0980000,0x00000000e2c80000)
 ParOldGen       total 66560K, used 46451K [0x0000000081a00000, 0x0000000085b00000, 0x00000000d5e00000)
  object space 66560K, 69% used [0x0000000081a00000,0x000000008475cc40,0x0000000085b00000)
 Metaspace       used 28845K, capacity 29614K, committed 29824K, reserved 1075200K
  class space    used 3402K, capacity 3625K, committed 3712K, reserved 1048576K
}
Event: 14.278 GC heap before
{Heap before GC invocations=13 (full 2):
 PSYoungGen      total 210432K, used 197717K [0x00000000d5e00000, 0x00000000e4f80000, 0x0000000100000000)
  eden space 175616K, 100% used [0x00000000d5e00000,0x00000000e0980000,0x00000000e0980000)
  from space 34816K, 63% used [0x00000000e2d80000,0x00000000e4315798,0x00000000e4f80000)
  to   space 35840K, 0% used [0x00000000e0980000,0x00000000e0980000,0x00000000e2c80000)
 ParOldGen       total 66560K, used 46451K [0x0000000081a00000, 0x0000000085b00000, 0x00000000d5e00000)
  object space 66560K, 69% used [0x0000000081a00000,0x000000008475cc40,0x0000000085b00000)
 Metaspace       used 29432K, capacity 30162K, committed 30336K, reserved 1075200K
  class space    used 3470K, capacity 3661K, committed 3712K, reserved 1048576K
Event: 14.312 GC heap after
Heap after GC invocations=13 (full 2):
 PSYoungGen      total 211456K, used 25285K [0x00000000d5e00000, 0x00000000e4f80000, 0x0000000100000000)
  eden space 175616K, 0% used [0x00000000d5e00000,0x00000000d5e00000,0x00000000e0980000)
  from space 35840K, 70% used [0x00000000e0980000,0x00000000e22314b0,0x00000000e2c80000)
  to   space 34816K, 0% used [0x00000000e2d80000,0x00000000e2d80000,0x00000000e4f80000)
 ParOldGen       total 66560K, used 49318K [0x0000000081a00000, 0x0000000085b00000, 0x00000000d5e00000)
  object space 66560K, 74% used [0x0000000081a00000,0x0000000084a29988,0x0000000085b00000)
 Metaspace       used 29432K, capacity 30162K, committed 30336K, reserved 1075200K
  class space    used 3470K, capacity 3661K, committed 3712K, reserved 1048576K
}
Event: 26.833 GC heap before
{Heap before GC invocations=14 (full 2):
 PSYoungGen      total 211456K, used 200901K [0x00000000d5e00000, 0x00000000e4f80000, 0x0000000100000000)
  eden space 175616K, 100% used [0x00000000d5e00000,0x00000000e0980000,0x00000000e0980000)
  from space 35840K, 70% used [0x00000000e0980000,0x00000000e22314b0,0x00000000e2c80000)
  to   space 34816K, 0% used [0x00000000e2d80000,0x00000000e2d80000,0x00000000e4f80000)
 ParOldGen       total 66560K, used 49318K [0x0000000081a00000, 0x0000000085b00000, 0x00000000d5e00000)
  object space 66560K, 74% used [0x0000000081a00000,0x0000000084a29988,0x0000000085b00000)
 Metaspace       used 45928K, capacity 46798K, committed 47104K, reserved 1091584K
  class space    used 5494K, capacity 5779K, committed 5888K, reserved 1048576K
Event: 26.853 GC heap after
Heap after GC invocations=14 (full 2):
 PSYoungGen      total 210432K, used 19857K [0x00000000d5e00000, 0x00000000e4f80000, 0x0000000100000000)
  eden space 175616K, 0% used [0x00000000d5e00000,0x00000000d5e00000,0x00000000e0980000)
  from space 34816K, 57% used [0x00000000e2d80000,0x00000000e40e4428,0x00000000e4f80000)
  to   space 35840K, 0% used [0x00000000e0980000,0x00000000e0980000,0x00000000e2c80000)
 ParOldGen       total 66560K, used 55211K [0x0000000081a00000, 0x0000000085b00000, 0x00000000d5e00000)
  object space 66560K, 82% used [0x0000000081a00000,0x0000000084feac68,0x0000000085b00000)
 Metaspace       used 45928K, capacity 46798K, committed 47104K, reserved 1091584K
  class space    used 5494K, capacity 5779K, committed 5888K, reserved 1048576K
}
Event: 26.853 GC heap before
{Heap before GC invocations=15 (full 3):
 PSYoungGen      total 210432K, used 19857K [0x00000000d5e00000, 0x00000000e4f80000, 0x0000000100000000)
  eden space 175616K, 0% used [0x00000000d5e00000,0x00000000d5e00000,0x00000000e0980000)
  from space 34816K, 57% used [0x00000000e2d80000,0x00000000e40e4428,0x00000000e4f80000)
  to   space 35840K, 0% used [0x00000000e0980000,0x00000000e0980000,0x00000000e2c80000)
 ParOldGen       total 66560K, used 55211K [0x0000000081a00000, 0x0000000085b00000, 0x00000000d5e00000)
  object space 66560K, 82% used [0x0000000081a00000,0x0000000084feac68,0x0000000085b00000)
 Metaspace       used 45928K, capacity 46798K, committed 47104K, reserved 1091584K
  class space    used 5494K, capacity 5779K, committed 5888K, reserved 1048576K
Event: 27.093 GC heap after
Heap after GC invocations=15 (full 3):
 PSYoungGen      total 210432K, used 0K [0x00000000d5e00000, 0x00000000e4f80000, 0x0000000100000000)
  eden space 175616K, 0% used [0x00000000d5e00000,0x00000000d5e00000,0x00000000e0980000)
  from space 34816K, 0% used [0x00000000e2d80000,0x00000000e2d80000,0x00000000e4f80000)
  to   space 35840K, 0% used [0x00000000e0980000,0x00000000e0980000,0x00000000e2c80000)
 ParOldGen       total 66560K, used 48254K [0x0000000081a00000, 0x0000000085b00000, 0x00000000d5e00000)
  object space 66560K, 72% used [0x0000000081a00000,0x000000008491f910,0x0000000085b00000)
 Metaspace       used 45928K, capacity 46798K, committed 47104K, reserved 1091584K
  class space    used 5494K, capacity 5779K, committed 5888K, reserved 1048576K
}

Deoptimization events (10 events):
Event: 27.821 Thread 0x00000000239e8800 Uncommon trap: reason=unstable_if action=reinterpret pc=0x0000000006289140 method=java.io.WinNTFileSystem.normalizePrefix(Ljava/lang/String;ILjava/lang/StringBuffer;)I @ 6
Event: 27.830 Thread 0x000000000572e800 Uncommon trap: reason=unhandled action=none pc=0x0000000005ca0194 method=java.net.URLClassLoader.findClass(Ljava/lang/String;)Ljava/lang/Class; @ 44
Event: 27.834 Thread 0x000000000572e800 Uncommon trap: reason=unhandled action=none pc=0x0000000005ca0194 method=java.net.URLClassLoader.findClass(Ljava/lang/String;)Ljava/lang/Class; @ 44
Event: 27.836 Thread 0x000000000572e800 Uncommon trap: reason=unhandled action=none pc=0x0000000005ca0194 method=java.net.URLClassLoader.findClass(Ljava/lang/String;)Ljava/lang/Class; @ 44
Event: 27.838 Thread 0x000000000572e800 Uncommon trap: reason=unhandled action=none pc=0x0000000005ca0194 method=java.net.URLClassLoader.findClass(Ljava/lang/String;)Ljava/lang/Class; @ 44
Event: 27.840 Thread 0x000000000572e800 Uncommon trap: reason=unhandled action=none pc=0x0000000005ca0194 method=java.net.URLClassLoader.findClass(Ljava/lang/String;)Ljava/lang/Class; @ 44
Event: 27.841 Thread 0x000000000572e800 Uncommon trap: reason=unhandled action=none pc=0x0000000005ca0194 method=java.net.URLClassLoader.findClass(Ljava/lang/String;)Ljava/lang/Class; @ 44
Event: 27.845 Thread 0x000000000572e800 Uncommon trap: reason=unhandled action=none pc=0x0000000005ca0194 method=java.net.URLClassLoader.findClass(Ljava/lang/String;)Ljava/lang/Class; @ 44
Event: 27.848 Thread 0x000000000572e800 Uncommon trap: reason=unhandled action=none pc=0x0000000005ca0194 method=java.net.URLClassLoader.findClass(Ljava/lang/String;)Ljava/lang/Class; @ 44
Event: 27.850 Thread 0x000000000572e800 Uncommon trap: reason=unhandled action=none pc=0x0000000005ca0194 method=java.net.URLClassLoader.findClass(Ljava/lang/String;)Ljava/lang/Class; @ 44

Internal exceptions (10 events):
Event: 27.763 Thread 0x00000000239e8800 Exception <a 'java/lang/ClassNotFoundException': org/springframework/web/servlet/theme/FixedThemeResolverBeanInfo> (0x00000000d85af650) thrown at [C:\re\workspace\8-2-build-windows-amd64-cygwin\jdk8u101\7261\hotspot\src\share\vm\classfile\systemDictionary.Ç° <èÃ;@
Event: 27.765 Thread 0x00000000239e8800 Exception <a 'java/lang/ClassNotFoundException': org/springframework/web/servlet/theme/AbstractThemeResolverBeanInfo> (0x00000000d85d6820) thrown at [C:\re\workspace\8-2-build-windows-amd64-cygwin\jdk8u101\7261\hotspot\src\share\vm\classfile\systemDictiona¿Öh(jÄ;@
Event: 27.767 Thread 0x00000000239e8800 Exception <a 'java/lang/ClassNotFoundException': org/springframework/web/servlet/theme/AbstractThemeResolverCustomizer> (0x00000000d85fdd10) thrown at [C:\re\workspace\8-2-build-windows-amd64-cygwin\jdk8u101\7261\hotspot\src\share\vm\classfile\systemDictioÿÔ2•Å;@
Event: 27.772 Thread 0x00000000239e8800 Exception <a 'java/lang/ClassNotFoundException': org/springframework/web/servlet/theme/FixedThemeResolverCustomizer> (0x00000000d8626a70) thrown at [C:\re\workspace\8-2-build-windows-amd64-cygwin\jdk8u101\7261\hotspot\src\share\vm\classfile\systemDictionaršG3¶Æ;@
Event: 27.776 Thread 0x00000000239e8800 Exception <a 'java/lang/ClassNotFoundException': org/springframework/web/servlet/view/DefaultRequestToViewNameTranslatorBeanInfo> (0x00000000d866ac58) thrown at [C:\re\workspace\8-2-build-windows-amd64-cygwin\jdk8u101\7261\hotspot\src\share\vm\classfile\sy{ag,Ç;@
Event: 27.778 Thread 0x00000000239e8800 Exception <a 'java/lang/ClassNotFoundException': org/springframework/web/servlet/view/DefaultRequestToViewNameTranslatorCustomizer> (0x00000000d8694f58) thrown at [C:\re\workspace\8-2-build-windows-amd64-cygwin\jdk8u101\7261\hotspot\src\share\vm\classfile\öš®gÉ;@
Event: 27.787 Thread 0x00000000239e8800 Exception <a 'java/lang/ClassNotFoundException': org/springframework/web/servlet/support/SessionFlashMapManagerBeanInfo> (0x00000000d86f4580) thrown at [C:\re\workspace\8-2-build-windows-amd64-cygwin\jdk8u101\7261\hotspot\src\share\vm\classfile\systemDicti¯9- 'Ê;@
Event: 27.790 Thread 0x00000000239e8800 Exception <a 'java/lang/ClassNotFoundException': org/springframework/web/servlet/support/AbstractFlashMapManagerBeanInfo> (0x00000000d871c698) thrown at [C:\re\workspace\8-2-build-windows-amd64-cygwin\jdk8u101\7261\hotspot\src\share\vm\classfile\systemDict6Ä@†ÇÊ;@
Event: 27.792 Thread 0x00000000239e8800 Exception <a 'java/lang/ClassNotFoundException': org/springframework/web/servlet/support/AbstractFlashMapManagerCustomizer> (0x00000000d8744ac0) thrown at [C:\re\workspace\8-2-build-windows-amd64-cygwin\jdk8u101\7261\hotspot\src\share\vm\classfile\systemDiÓ‹ÀnjË;@
Event: 27.795 Thread 0x00000000239e8800 Exception <a 'java/lang/ClassNotFoundException': org/springframework/web/servlet/support/SessionFlashMapManagerCustomizer> (0x00000000d8773fa0) thrown at [C:\re\workspace\8-2-build-windows-amd64-cygwin\jdk8u101\7261\hotspot\src\share\vm\classfile\systemDic

Events (10 events):
Event: 27.850 Thread 0x000000000572e800 DEOPT UNPACKING pc=0x000000000577787f sp=0x00000000051ebe78 mode 1
Event: 27.850 Thread 0x000000000572e800 Uncommon trap: trap_request=0xffffffa7 fr.pc=0x0000000005ca0194
Event: 27.850 Thread 0x000000000572e800 DEOPT PACKING pc=0x0000000005ca0194 sp=0x00000000051ebfb0
Event: 27.850 Thread 0x000000000572e800 DEOPT UNPACKING pc=0x000000000577582a sp=0x00000000051ebf48 mode 2
Event: 27.850 Thread 0x000000000572e800 DEOPT PACKING pc=0x0000000005ffb3bc sp=0x00000000051ebff0
Event: 27.850 Thread 0x000000000572e800 DEOPT UNPACKING pc=0x000000000577787f sp=0x00000000051ebd28 mode 1
Event: 27.850 Thread 0x000000000572e800 DEOPT PACKING pc=0x0000000005f7ee44 sp=0x00000000051ec070
Event: 27.850 Thread 0x000000000572e800 DEOPT UNPACKING pc=0x000000000577787f sp=0x00000000051ebe08 mode 1
Event: 27.850 Thread 0x000000000572e800 DEOPT PACKING pc=0x0000000005f7ecac sp=0x00000000051ec280
Event: 27.850 Thread 0x000000000572e800 DEOPT UNPACKING pc=0x000000000577787f sp=0x00000000051ebfa8 mode 1


Dynamic libraries:
0x00007ff6eba70000 - 0x00007ff6ebaa7000 	C:\Program Files\Java\jdk1.8.0_101\bin\javaw.exe
0x00007ff911170000 - 0x00007ff911350000 	C:\WINDOWS\SYSTEM32\ntdll.dll
0x00007ff9108f0000 - 0x00007ff91099e000 	C:\WINDOWS\System32\KERNEL32.DLL
0x00007ff90d620000 - 0x00007ff90d886000 	C:\WINDOWS\System32\KERNELBASE.dll
0x00007ff910f80000 - 0x00007ff911021000 	C:\WINDOWS\System32\ADVAPI32.dll
0x00007ff910be0000 - 0x00007ff910c7d000 	C:\WINDOWS\System32\msvcrt.dll
0x00007ff910d60000 - 0x00007ff910dbb000 	C:\WINDOWS\System32\sechost.dll
0x00007ff910750000 - 0x00007ff91086f000 	C:\WINDOWS\System32\RPCRT4.dll
0x00007ff90ff90000 - 0x00007ff91011f000 	C:\WINDOWS\System32\USER32.dll
0x00007ff90e040000 - 0x00007ff90e060000 	C:\WINDOWS\System32\win32u.dll
0x00007ff90e6a0000 - 0x00007ff90e6c8000 	C:\WINDOWS\System32\GDI32.dll
0x00007ff90e420000 - 0x00007ff90e5b3000 	C:\WINDOWS\System32\gdi32full.dll
0x00007ff90e160000 - 0x00007ff90e1fb000 	C:\WINDOWS\System32\msvcp_win.dll
0x00007ff90e060000 - 0x00007ff90e156000 	C:\WINDOWS\System32\ucrtbase.dll
0x00007ff904a30000 - 0x00007ff904c99000 	C:\WINDOWS\WinSxS\amd64_microsoft.windows.common-controls_6595b64144ccf1df_6.0.16299.125_none_15cbcf8893620c09\COMCTL32.dll
0x00007ff90fc80000 - 0x00007ff90ff88000 	C:\WINDOWS\System32\combase.dll
0x00007ff90e5c0000 - 0x00007ff90e632000 	C:\WINDOWS\System32\bcryptPrimitives.dll
0x00007ff910dc0000 - 0x00007ff910ded000 	C:\WINDOWS\System32\IMM32.DLL
0x000000005e2c0000 - 0x000000005e392000 	C:\Program Files\Java\jdk1.8.0_101\jre\bin\msvcr100.dll
0x000000005da20000 - 0x000000005e2ba000 	C:\Program Files\Java\jdk1.8.0_101\jre\bin\server\jvm.dll
0x00007ff910df0000 - 0x00007ff910df8000 	C:\WINDOWS\System32\PSAPI.DLL
0x00007ff9099d0000 - 0x00007ff9099d9000 	C:\WINDOWS\SYSTEM32\WSOCK32.dll
0x00007ff910e00000 - 0x00007ff910e6c000 	C:\WINDOWS\System32\WS2_32.dll
0x00007ff90b670000 - 0x00007ff90b693000 	C:\WINDOWS\SYSTEM32\WINMM.dll
0x00007ff907830000 - 0x00007ff90783a000 	C:\WINDOWS\SYSTEM32\VERSION.dll
0x00007ff90b5f0000 - 0x00007ff90b61a000 	C:\WINDOWS\SYSTEM32\winmmbase.dll
0x00007ff90e200000 - 0x00007ff90e24a000 	C:\WINDOWS\System32\cfgmgr32.dll
0x000000005da10000 - 0x000000005da1f000 	C:\Program Files\Java\jdk1.8.0_101\jre\bin\verify.dll
0x000000005d9e0000 - 0x000000005da09000 	C:\Program Files\Java\jdk1.8.0_101\jre\bin\java.dll
0x000000005d930000 - 0x000000005d965000 	C:\Program Files\Java\jdk1.8.0_101\jre\bin\jdwp.dll
0x000000005d920000 - 0x000000005d928000 	C:\Program Files\Java\jdk1.8.0_101\jre\bin\npt.dll
0x000000005d9c0000 - 0x000000005d9d6000 	C:\Program Files\Java\jdk1.8.0_101\jre\bin\zip.dll
0x00007ff90e6d0000 - 0x00007ff90fb06000 	C:\WINDOWS\System32\SHELL32.dll
0x00007ff910e70000 - 0x00007ff910f16000 	C:\WINDOWS\System32\shcore.dll
0x00007ff90d890000 - 0x00007ff90dfd7000 	C:\WINDOWS\System32\windows.storage.dll
0x00007ff910130000 - 0x00007ff910181000 	C:\WINDOWS\System32\shlwapi.dll
0x00007ff90d530000 - 0x00007ff90d541000 	C:\WINDOWS\System32\kernel.appcore.dll
0x00007ff90d4e0000 - 0x00007ff90d52c000 	C:\WINDOWS\System32\powrprof.dll
0x00007ff90d4c0000 - 0x00007ff90d4db000 	C:\WINDOWS\System32\profapi.dll
0x000000005d910000 - 0x000000005d919000 	C:\Program Files\Java\jdk1.8.0_101\jre\bin\dt_socket.dll
0x00007ff8fa810000 - 0x00007ff8fa826000 	C:\WINDOWS\system32\napinsp.dll
0x00007ff8fa380000 - 0x00007ff8fa39a000 	C:\WINDOWS\system32\pnrpnsp.dll
0x00007ff90b790000 - 0x00007ff90b7a8000 	C:\WINDOWS\system32\NLAapi.dll
0x00007ff90cd50000 - 0x00007ff90cdb6000 	C:\WINDOWS\System32\mswsock.dll
0x00007ff90cb20000 - 0x00007ff90cbd6000 	C:\WINDOWS\SYSTEM32\DNSAPI.dll
0x00007ff910c80000 - 0x00007ff910c88000 	C:\WINDOWS\System32\NSI.dll
0x00007ff90cae0000 - 0x00007ff90cb19000 	C:\WINDOWS\SYSTEM32\IPHLPAPI.DLL
0x00007ff9016a0000 - 0x00007ff9016ae000 	C:\WINDOWS\System32\winrnr.dll
0x00007ff902dc0000 - 0x00007ff902e30000 	C:\WINDOWS\System32\fwpuclnt.dll
0x00007ff90d020000 - 0x00007ff90d045000 	C:\WINDOWS\SYSTEM32\bcrypt.dll
0x00007ff902520000 - 0x00007ff90252a000 	C:\Windows\System32\rasadhlp.dll
0x000000005d9a0000 - 0x000000005d9ba000 	C:\Program Files\Java\jdk1.8.0_101\jre\bin\net.dll
0x000000005d980000 - 0x000000005d991000 	C:\Program Files\Java\jdk1.8.0_101\jre\bin\nio.dll
0x00007ff90cf10000 - 0x00007ff90cf27000 	C:\WINDOWS\SYSTEM32\CRYPTSP.dll
0x00007ff90c960000 - 0x00007ff90c993000 	C:\WINDOWS\system32\rsaenh.dll
0x00007ff90d3f0000 - 0x00007ff90d419000 	C:\WINDOWS\SYSTEM32\USERENV.dll
0x00007ff90cf30000 - 0x00007ff90cf3b000 	C:\WINDOWS\SYSTEM32\CRYPTBASE.dll
0x00007ff9088b0000 - 0x00007ff9088c6000 	C:\WINDOWS\SYSTEM32\dhcpcsvc6.DLL
0x00007ff908890000 - 0x00007ff9088aa000 	C:\WINDOWS\SYSTEM32\dhcpcsvc.DLL
0x000000005d970000 - 0x000000005d97d000 	C:\Program Files\Java\jdk1.8.0_101\jre\bin\management.dll

VM Arguments:
jvm_args: -agentlib:jdwp=transport=dt_socket,suspend=y,address=localhost:9641 -Dmaven.home=F:\maven\apache-maven-3.3.9-bin\apache-maven-3.3.9 -Dclassworlds.conf=F:\eclipse-workspace\.metadata\.plugins\org.eclipse.m2e.launching\launches\m2conf4710409853660629050.tmp -Dmaven.multiModuleProjectDirectory=F:\eclipse-workspace\e3-sso-web -Dfile.encoding=UTF-8 
java_command: org.codehaus.plexus.classworlds.launcher.Launcher -B -s F:\maven\MavenRepository_e3\repository\settings.xml clean tomcat7:run
java_class_path (initial): F:\maven\apache-maven-3.3.9-bin\apache-maven-3.3.9\boot\plexus-classworlds-2.5.2.jar
Launcher Type: SUN_STANDARD

Environment Variables:
JAVA_HOME=C:\Program Files\Java\jdk1.8.0_101
CLASSPATH=.;C:\Program Files\Java\jdk1.8.0_101\bin;C:\Program Files\Java\jdk1.8.0_101\lib\dt.jar;C:\Program Files\Java\jdk1.8.0_101\lib\tools.jar
PATH=C:/Program Files/Java/jre1.8.0_101/bin/server;C:/Program Files/Java/jre1.8.0_101/bin;C:/Program Files/Java/jre1.8.0_101/lib/amd64;F:\oracle\app\oracle\product\10.2.0\server\bin;C:\ProgramData\Oracle\Java\javapath;C:\Windows\system32;C:\Windows;C:\Windows\System32\Wbem;C:\Windows\System32\WindowsPowerShell\v1.0\;C:\Program Files (x86)\NVIDIA Corporation\PhysX\Common;C:\Program Files\Java\jdk1.8.0_101\bin;C:\Program Files\Java\jdk1.8.0_101\jre\bin;F:\git\Git\cmd;C:\WINDOWS\system32;C:\WINDOWS;C:\WINDOWS\System32\Wbem;C:\WINDOWS\System32\WindowsPowerShell\v1.0\;C:\Program Files\nodejs\;F:\mysql\bin;F:\svnService\bin;F:\maven\apache-maven-3.3.9-bin\apache-maven-3.3.9\bin;F:\mysqlinstall\bin;F:\mysql\mysql-5.6.24-win32\mysql-5.6.24-win32\bin;C:\Users\Ower\AppData\Local\Programs\Python\Python35\Scripts\;C:\Users\Ower\AppData\Local\Programs\Python\Python35\;C:\Users\Ower\AppData\Local\Microsoft\WindowsApps;C:\Users\Ower\AppData\Roaming\npm;J:\Virtual Machines;F:\eclipse\eclipse-jee-neon-3-win32-x86_64\eclipse;
USERNAME=Owner
OS=Windows_NT
PROCESSOR_IDENTIFIER=Intel64 Family 6 Model 60 Stepping 3, GenuineIntel



---------------  S Y S T E M  ---------------

OS: Windows 10.0 , 64 bit Build 16299 (10.0.16299.15)

CPU:total 4 (2 cores per cpu, 2 threads per core) family 6 model 60 stepping 3, cmov, cx8, fxsr, mmx, sse, sse2, sse3, ssse3, sse4.1, sse4.2, popcnt, avx, avx2, aes, clmul, erms, lzcnt, ht, tsc, tscinvbit, bmi1, bmi2

Memory: 4k page, physical 8281452k(951396k free), swap 16214660k(4288k free)

vm_info: Java HotSpot(TM) 64-Bit Server VM (25.101-b13) for windows-amd64 JRE (1.8.0_101-b13), built on Jun 22 2016 01:21:29 by "java_re" with MS VC++ 10.0 (VS2010)

time: Thu Mar 01 21:12:51 2018
elapsed time: 28 seconds (0d 0h 0m 28s)

