#
# There is insufficient memory for the Java Runtime Environment to continue.
# Native memory allocation (malloc) failed to allocate 771856 bytes for Chunk::new
# Possible reasons:
#   The system is out of physical RAM or swap space
#   In 32 bit mode, the process size limit was hit
# Possible solutions:
#   Reduce memory load on the system
#   Increase physical memory or swap space
#   Check if swap backing store is full
#   Use 64 bit Java on a 64 bit OS
#   Decrease Java heap size (-Xmx/-Xms)
#   Decrease number of Java threads
#   Decrease Java thread stack sizes (-Xss)
#   Set larger code cache with -XX:ReservedCodeCacheSize=
# This output file may be truncated or incomplete.
#
#  Out of Memory Error (allocation.cpp:390), pid=828, tid=0x0000000000000a90
#
# JRE version: Java(TM) SE Runtime Environment (8.0_101-b13) (build 1.8.0_101-b13)
# Java VM: Java HotSpot(TM) 64-Bit Server VM (25.101-b13 mixed mode windows-amd64 compressed oops)
# Failed to write core dump. Minidumps are not enabled by default on client versions of Windows
#

---------------  T H R E A D  ---------------

Current thread (0x000000001987b800):  JavaThread "C2 CompilerThread0" daemon [_thread_in_native, id=2704, stack(0x000000001b270000,0x000000001b370000)]

Stack: [0x000000001b270000,0x000000001b370000]
[error occurred during error reporting (printing stack bounds), id 0xc0000005]

Native frames: (J=compiled Java code, j=interpreted, Vv=VM code, C=native code)


Current CompileTask:
C2:   7495 4496   !   4       org.apache.catalina.startup.ContextConfig::populateJavaClassCache (159 bytes)


---------------  P R O C E S S  ---------------

Java Threads: ( => current thread )
  0x000000001baa6800 JavaThread "localhost-startStop-1" daemon [_thread_blocked, id=9452, stack(0x000000001fe00000,0x000000001ff00000)]
  0x000000001bfbc800 JavaThread "Tomcat-startStop-1" daemon [_thread_blocked, id=11320, stack(0x000000001e710000,0x000000001e810000)]
  0x000000001acfd800 JavaThread "Service Thread" daemon [_thread_blocked, id=17336, stack(0x000000001b570000,0x000000001b670000)]
  0x000000001ac86800 JavaThread "C1 CompilerThread2" daemon [_thread_blocked, id=2324, stack(0x000000001b470000,0x000000001b570000)]
  0x000000001987e000 JavaThread "C2 CompilerThread1" daemon [_thread_in_native, id=516, stack(0x000000001b370000,0x000000001b470000)]
=>0x000000001987b800 JavaThread "C2 CompilerThread0" daemon [_thread_in_native, id=2704, stack(0x000000001b270000,0x000000001b370000)]
  0x0000000019879800 JavaThread "Attach Listener" daemon [_thread_blocked, id=2460, stack(0x000000001b170000,0x000000001b270000)]
  0x0000000019833800 JavaThread "Signal Dispatcher" daemon [_thread_blocked, id=540, stack(0x000000001b070000,0x000000001b170000)]
  0x0000000004cda800 JavaThread "Finalizer" daemon [_thread_blocked, id=8608, stack(0x000000001aa70000,0x000000001ab70000)]
  0x0000000004ccf800 JavaThread "Reference Handler" daemon [_thread_blocked, id=14368, stack(0x000000001a970000,0x000000001aa70000)]
  0x0000000002ece000 JavaThread "main" [_thread_blocked, id=296, stack(0x0000000004ae0000,0x0000000004be0000)]

Other Threads:
  0x00000000197e8800 VMThread [stack: 0x000000001a870000,0x000000001a970000] [id=5788]
  0x000000001ad5c000 WatcherThread [stack: 0x000000001b670000,0x000000001b770000] [id=2204]

VM state:at safepoint (normal execution)

VM Mutex/Monitor currently owned by a thread:  ([mutex/lock_event])
[0x0000000002eccc60] Threads_lock - owner thread: 0x00000000197e8800
[0x0000000002ecc4e0] Heap_lock - owner thread: 0x0000000002ece000

Heap:
 PSYoungGen      total 225280K, used 20487K [0x00000000d5e00000, 0x00000000e5a80000, 0x0000000100000000)
  eden space 192000K, 0% used [0x00000000d5e00000,0x00000000d5e00000,0x00000000e1980000)
  from space 33280K, 61% used [0x00000000e3a00000,0x00000000e4e01d10,0x00000000e5a80000)
  to   space 33280K, 0% used [0x00000000e1980000,0x00000000e1980000,0x00000000e3a00000)
 ParOldGen       total 69120K, used 48223K [0x0000000081a00000, 0x0000000085d80000, 0x00000000d5e00000)
  object space 69120K, 69% used [0x0000000081a00000,0x0000000084917e80,0x0000000085d80000)
 Metaspace       used 28590K, capacity 29226K, committed 29568K, reserved 1075200K
  class space    used 3403K, capacity 3625K, committed 3712K, reserved 1048576K

Card table byte_map: [0x00000000140a0000,0x00000000144a0000] byte_map_base: 0x0000000013c93000

Marking Bits: (ParMarkBitMap*) 0x000000005e23a6d0
 Begin Bits: [0x0000000014b50000, 0x0000000016ae8000)
 End Bits:   [0x0000000016ae8000, 0x0000000018a80000)

Polling page: 0x00000000005f0000

CodeCache: size=245760Kb used=13342Kb max_used=13342Kb free=232417Kb
 bounds [0x0000000004ce0000, 0x0000000005a40000, 0x0000000013ce0000]
 total_blobs=4396 nmethods=3975 adapters=333
 compilation: enabled

Compilation events (10 events):
Event: 7.278 Thread 0x000000001987b800 nmethod 4492 0x000000000538aa50 code [0x000000000538ac00, 0x000000000538b2b8]
Event: 7.289 Thread 0x000000001987b800 4495       4       sun.net.www.protocol.jar.Handler::parseContextSpec (154 bytes)
Event: 7.295 Thread 0x000000001987b800 nmethod 4495 0x000000000575c950 code [0x000000000575cac0, 0x000000000575cdd8]
Event: 7.301 Thread 0x000000001987b800 4496   !   4       org.apache.catalina.startup.ContextConfig::populateJavaClassCache (159 bytes)
Event: 7.304 Thread 0x000000001ac86800 4497       3       org.apache.catalina.startup.ContextConfig::getSCIsForClass (82 bytes)
Event: 7.305 Thread 0x000000001ac86800 nmethod 4497 0x0000000004e09710 code [0x0000000004e09960, 0x0000000004e0a7c8]
Event: 7.355 Thread 0x000000001ac86800 4500   !   3       sun.misc.URLClassPath$FileLoader::getResource (164 bytes)
Event: 7.356 Thread 0x000000001ac86800 nmethod 4500 0x00000000057bb610 code [0x00000000057bb940, 0x00000000057bd148]
Event: 7.362 Thread 0x000000001ac86800 4501       3       org.apache.catalina.deploy.WebXml::mergeMap (162 bytes)
Event: 7.363 Thread 0x000000001ac86800 nmethod 4501 0x00000000051d3790 code [0x00000000051d3a60, 0x00000000051d4fe8]

GC Heap History (10 events):
Event: 3.310 GC heap before
{Heap before GC invocations=6 (full 1):
 PSYoungGen      total 71680K, used 5088K [0x00000000d5e00000, 0x00000000df500000, 0x0000000100000000)
  eden space 66560K, 0% used [0x00000000d5e00000,0x00000000d5e00000,0x00000000d9f00000)
  from space 5120K, 99% used [0x00000000d9f00000,0x00000000da3f8020,0x00000000da400000)
  to   space 10752K, 0% used [0x00000000dea80000,0x00000000dea80000,0x00000000df500000)
 ParOldGen       total 87552K, used 12775K [0x0000000081a00000, 0x0000000086f80000, 0x00000000d5e00000)
  object space 87552K, 14% used [0x0000000081a00000,0x0000000082679cb8,0x0000000086f80000)
 Metaspace       used 20686K, capacity 21158K, committed 21296K, reserved 1069056K
  class space    used 2506K, capacity 2621K, committed 2688K, reserved 1048576K
Event: 3.388 GC heap after
Heap after GC invocations=6 (full 1):
 PSYoungGen      total 71680K, used 0K [0x00000000d5e00000, 0x00000000df500000, 0x0000000100000000)
  eden space 66560K, 0% used [0x00000000d5e00000,0x00000000d5e00000,0x00000000d9f00000)
  from space 5120K, 0% used [0x00000000d9f00000,0x00000000d9f00000,0x00000000da400000)
  to   space 10752K, 0% used [0x00000000dea80000,0x00000000dea80000,0x00000000df500000)
 ParOldGen       total 69120K, used 12230K [0x0000000081a00000, 0x0000000085d80000, 0x00000000d5e00000)
  object space 69120K, 17% used [0x0000000081a00000,0x00000000825f1ae8,0x0000000085d80000)
 Metaspace       used 20686K, capacity 21158K, committed 21296K, reserved 1069056K
  class space    used 2506K, capacity 2621K, committed 2688K, reserved 1048576K
}
Event: 4.923 GC heap before
{Heap before GC invocations=7 (full 1):
 PSYoungGen      total 71680K, used 66560K [0x00000000d5e00000, 0x00000000df500000, 0x0000000100000000)
  eden space 66560K, 100% used [0x00000000d5e00000,0x00000000d9f00000,0x00000000d9f00000)
  from space 5120K, 0% used [0x00000000d9f00000,0x00000000d9f00000,0x00000000da400000)
  to   space 10752K, 0% used [0x00000000dea80000,0x00000000dea80000,0x00000000df500000)
 ParOldGen       total 69120K, used 12230K [0x0000000081a00000, 0x0000000085d80000, 0x00000000d5e00000)
  object space 69120K, 17% used [0x0000000081a00000,0x00000000825f1ae8,0x0000000085d80000)
 Metaspace       used 26732K, capacity 27314K, committed 27520K, reserved 1073152K
  class space    used 3212K, capacity 3385K, committed 3456K, reserved 1048576K
Event: 4.945 GC heap after
Heap after GC invocations=7 (full 1):
 PSYoungGen      total 107520K, used 10726K [0x00000000d5e00000, 0x00000000df500000, 0x0000000100000000)
  eden space 96768K, 0% used [0x00000000d5e00000,0x00000000d5e00000,0x00000000dbc80000)
  from space 10752K, 99% used [0x00000000dea80000,0x00000000df4f9b58,0x00000000df500000)
  to   space 13312K, 0% used [0x00000000ddb00000,0x00000000ddb00000,0x00000000de800000)
 ParOldGen       total 69120K, used 14890K [0x0000000081a00000, 0x0000000085d80000, 0x00000000d5e00000)
  object space 69120K, 21% used [0x0000000081a00000,0x000000008288aa30,0x0000000085d80000)
 Metaspace       used 26732K, capacity 27314K, committed 27520K, reserved 1073152K
  class space    used 3212K, capacity 3385K, committed 3456K, reserved 1048576K
}
Event: 5.906 GC heap before
{Heap before GC invocations=8 (full 1):
 PSYoungGen      total 107520K, used 107494K [0x00000000d5e00000, 0x00000000df500000, 0x0000000100000000)
  eden space 96768K, 100% used [0x00000000d5e00000,0x00000000dbc80000,0x00000000dbc80000)
  from space 10752K, 99% used [0x00000000dea80000,0x00000000df4f9b58,0x00000000df500000)
  to   space 13312K, 0% used [0x00000000ddb00000,0x00000000ddb00000,0x00000000de800000)
 ParOldGen       total 69120K, used 14890K [0x0000000081a00000, 0x0000000085d80000, 0x00000000d5e00000)
  object space 69120K, 21% used [0x0000000081a00000,0x000000008288aa30,0x0000000085d80000)
 Metaspace       used 28545K, capacity 29216K, committed 29568K, reserved 1075200K
  class space    used 3399K, capacity 3623K, committed 3712K, reserved 1048576K
Event: 5.945 GC heap after
Heap after GC invocations=8 (full 1):
 PSYoungGen      total 141312K, used 13282K [0x00000000d5e00000, 0x00000000e1680000, 0x0000000100000000)
  eden space 128000K, 0% used [0x00000000d5e00000,0x00000000d5e00000,0x00000000ddb00000)
  from space 13312K, 99% used [0x00000000ddb00000,0x00000000de7f8b08,0x00000000de800000)
  to   space 21504K, 0% used [0x00000000e0180000,0x00000000e0180000,0x00000000e1680000)
 ParOldGen       total 69120K, used 28060K [0x0000000081a00000, 0x0000000085d80000, 0x00000000d5e00000)
  object space 69120K, 40% used [0x0000000081a00000,0x0000000083567108,0x0000000085d80000)
 Metaspace       used 28545K, capacity 29216K, committed 29568K, reserved 1075200K
  class space    used 3399K, capacity 3623K, committed 3712K, reserved 1048576K
}
Event: 6.534 GC heap before
{Heap before GC invocations=9 (full 1):
 PSYoungGen      total 141312K, used 141282K [0x00000000d5e00000, 0x00000000e1680000, 0x0000000100000000)
  eden space 128000K, 100% used [0x00000000d5e00000,0x00000000ddb00000,0x00000000ddb00000)
  from space 13312K, 99% used [0x00000000ddb00000,0x00000000de7f8b08,0x00000000de800000)
  to   space 21504K, 0% used [0x00000000e0180000,0x00000000e0180000,0x00000000e1680000)
 ParOldGen       total 69120K, used 28060K [0x0000000081a00000, 0x0000000085d80000, 0x00000000d5e00000)
  object space 69120K, 40% used [0x0000000081a00000,0x0000000083567108,0x0000000085d80000)
 Metaspace       used 28556K, capacity 29216K, committed 29568K, reserved 1075200K
  class space    used 3399K, capacity 3623K, committed 3712K, reserved 1048576K
Event: 6.573 GC heap after
Heap after GC invocations=9 (full 1):
 PSYoungGen      total 160256K, used 21477K [0x00000000d5e00000, 0x00000000e5d00000, 0x0000000100000000)
  eden space 138752K, 0% used [0x00000000d5e00000,0x00000000d5e00000,0x00000000de580000)
  from space 21504K, 99% used [0x00000000e0180000,0x00000000e1679670,0x00000000e1680000)
  to   space 28672K, 0% used [0x00000000de580000,0x00000000de580000,0x00000000e0180000)
 ParOldGen       total 69120K, used 36508K [0x0000000081a00000, 0x0000000085d80000, 0x00000000d5e00000)
  object space 69120K, 52% used [0x0000000081a00000,0x0000000083da7148,0x0000000085d80000)
 Metaspace       used 28556K, capacity 29216K, committed 29568K, reserved 1075200K
  class space    used 3399K, capacity 3623K, committed 3712K, reserved 1048576K
}
Event: 7.062 GC heap before
{Heap before GC invocations=10 (full 1):
 PSYoungGen      total 160256K, used 160229K [0x00000000d5e00000, 0x00000000e5d00000, 0x0000000100000000)
  eden space 138752K, 100% used [0x00000000d5e00000,0x00000000de580000,0x00000000de580000)
  from space 21504K, 99% used [0x00000000e0180000,0x00000000e1679670,0x00000000e1680000)
  to   space 28672K, 0% used [0x00000000de580000,0x00000000de580000,0x00000000e0180000)
 ParOldGen       total 69120K, used 36508K [0x0000000081a00000, 0x0000000085d80000, 0x00000000d5e00000)
  object space 69120K, 52% used [0x0000000081a00000,0x0000000083da7148,0x0000000085d80000)
 Metaspace       used 28558K, capacity 29216K, committed 29568K, reserved 1075200K
  class space    used 3399K, capacity 3623K, committed 3712K, reserved 1048576K
Event: 7.095 GC heap after
Heap after GC invocations=10 (full 1):
 PSYoungGen      total 167424K, used 28388K [0x00000000d5e00000, 0x00000000e5a80000, 0x0000000100000000)
  eden space 138752K, 0% used [0x00000000d5e00000,0x00000000d5e00000,0x00000000de580000)
  from space 28672K, 99% used [0x00000000de580000,0x00000000e0139118,0x00000000e0180000)
  to   space 33280K, 0% used [0x00000000e3a00000,0x00000000e3a00000,0x00000000e5a80000)
 ParOldGen       total 69120K, used 43599K [0x0000000081a00000, 0x0000000085d80000, 0x00000000d5e00000)
  object space 69120K, 63% used [0x0000000081a00000,0x0000000084493fd0,0x0000000085d80000)
 Metaspace       used 28558K, capacity 29216K, committed 29568K, reserved 1075200K
  class space    used 3399K, capacity 3623K, committed 3712K, reserved 1048576K
}

Deoptimization events (10 events):
Event: 5.277 Thread 0x000000001baa6800 Uncommon trap: reason=unstable_if action=reinterpret pc=0x0000000004f8de48 method=java.lang.AbstractStringBuilder.append(Ljava/lang/String;)Ljava/lang/AbstractStringBuilder; @ 1
Event: 5.278 Thread 0x000000001baa6800 Uncommon trap: reason=unstable_if action=reinterpret pc=0x0000000004ef2370 method=java.lang.AbstractStringBuilder.append(Ljava/lang/String;)Ljava/lang/AbstractStringBuilder; @ 1
Event: 5.308 Thread 0x000000001baa6800 Uncommon trap: reason=unstable_if action=reinterpret pc=0x0000000004ea8930 method=java.util.HashMap.putVal(ILjava/lang/Object;Ljava/lang/Object;ZZ)Ljava/lang/Object; @ 193
Event: 5.313 Thread 0x000000001baa6800 Uncommon trap: reason=class_check action=maybe_recompile pc=0x000000000501d460 method=java.util.Hashtable.addEntry(ILjava/lang/Object;Ljava/lang/Object;I)V @ 38
Event: 5.317 Thread 0x000000001baa6800 Uncommon trap: reason=unstable_if action=reinterpret pc=0x00000000059e08fc method=com.sun.org.apache.xerces.internal.util.SymbolTable.addSymbol([CII)Ljava/lang/String; @ 38
Event: 5.328 Thread 0x000000001baa6800 Uncommon trap: reason=unstable_if action=reinterpret pc=0x00000000059deb38 method=com.sun.org.apache.xerces.internal.impl.XMLEntityScanner.peekChar()I @ 14
Event: 5.357 Thread 0x000000001baa6800 Uncommon trap: reason=unstable_if action=reinterpret pc=0x00000000058b8f98 method=java.lang.StringCoding.decode(Ljava/lang/String;[BII)[C @ 51
Event: 5.945 Thread 0x0000000004cda800 Uncommon trap: reason=unstable_if action=reinterpret pc=0x000000000592e564 method=java.util.WeakHashMap.eq(Ljava/lang/Object;Ljava/lang/Object;)Z @ 10
Event: 6.664 Thread 0x000000001baa6800 Uncommon trap: reason=unstable_if action=reinterpret pc=0x000000000592bd08 method=org.codehaus.plexus.classworlds.realm.Entry.matches(Ljava/lang/String;)Z @ 209
Event: 7.292 Thread 0x000000001baa6800 Uncommon trap: reason=unstable_if action=reinterpret pc=0x0000000005739c40 method=org.apache.catalina.startup.ContextConfig.getSCIsForClass(Ljava/lang/String;)Ljava/util/Set; @ 62

Internal exceptions (10 events):
Event: 1.627 Thread 0x0000000002ece000 Implicit null exception at 0x000000000500613b to 0x000000000500671d
Event: 1.653 Thread 0x0000000002ece000 Implicit null exception at 0x000000000531de97 to 0x000000000531f121
Event: 2.897 Thread 0x0000000002ece000 Implicit null exception at 0x0000000005664b71 to 0x0000000005665ce5
Event: 2.939 Thread 0x0000000002ece000 Exception <a 'java/lang/ClassNotFoundException': com/sun/tools/javac/api/JavacTool> (0x00000000d8223d08) thrown at [C:\re\workspace\8-2-build-windows-amd64-cygwin\jdk8u101\7261\hotspot\src\share\vm\classfile\systemDictionary.cpp, line 210]
Event: 3.452 Thread 0x0000000002ece000 Exception <a 'java/io/FileNotFoundException'> (0x00000000d632f7b0) thrown at [C:\re\workspace\8-2-build-windows-amd64-cygwin\jdk8u101\7261\hotspot\src\share\vm\prims\jni.cpp, line 709]
Event: 3.456 Thread 0x0000000002ece000 Exception <a 'java/io/FileNotFoundException'> (0x00000000d6363b20) thrown at [C:\re\workspace\8-2-build-windows-amd64-cygwin\jdk8u101\7261\hotspot\src\share\vm\prims\jni.cpp, line 709]
Event: 4.346 Thread 0x0000000002ece000 Exception <a 'java/io/FileNotFoundException'> (0x00000000d928dd68) thrown at [C:\re\workspace\8-2-build-windows-amd64-cygwin\jdk8u101\7261\hotspot\src\share\vm\prims\jni.cpp, line 709]
Event: 5.242 Thread 0x000000001baa6800 Implicit null exception at 0x00000000058a6f0c to 0x00000000058a76e1
Event: 5.277 Thread 0x000000001baa6800 Implicit null exception at 0x0000000004f8dad6 to 0x0000000004f8de31
Event: 5.278 Thread 0x000000001baa6800 Implicit null exception at 0x0000000004ef2016 to 0x0000000004ef2359

Events (10 events):
Event: 7.292 loading class org/apache/catalina/util/Introspection
Event: 7.292 loading class org/apache/catalina/util/Introspection done
Event: 7.293 loading class org/springframework/web/servlet/support/AbstractAnnotationConfigDispatcherServletInitializer
Event: 7.293 loading class org/springframework/web/servlet/support/AbstractAnnotationConfigDispatcherServletInitializer done
Event: 7.293 loading class org/springframework/web/servlet/support/AbstractDispatcherServletInitializer
Event: 7.293 loading class org/springframework/web/servlet/support/AbstractDispatcherServletInitializer done
Event: 7.294 loading class org/springframework/web/context/AbstractContextLoaderInitializer
Event: 7.294 loading class org/springframework/web/context/AbstractContextLoaderInitializer done
Event: 7.338 loading class java/net/Proxy
Event: 7.338 loading class java/net/Proxy done


Dynamic libraries:
0x00007ff6eba70000 - 0x00007ff6ebaa7000 	C:\Program Files\Java\jdk1.8.0_101\bin\javaw.exe
0x00007ff911170000 - 0x00007ff911350000 	C:\WINDOWS\SYSTEM32\ntdll.dll
0x00007ff9108f0000 - 0x00007ff91099e000 	C:\WINDOWS\System32\KERNEL32.DLL
0x00007ff90d620000 - 0x00007ff90d886000 	C:\WINDOWS\System32\KERNELBASE.dll
0x00007ff910f80000 - 0x00007ff911021000 	C:\WINDOWS\System32\ADVAPI32.dll
0x00007ff910be0000 - 0x00007ff910c7d000 	C:\WINDOWS\System32\msvcrt.dll
0x00007ff910d60000 - 0x00007ff910dbb000 	C:\WINDOWS\System32\sechost.dll
0x00007ff910750000 - 0x00007ff91086f000 	C:\WINDOWS\System32\RPCRT4.dll
0x00007ff90ff90000 - 0x00007ff91011f000 	C:\WINDOWS\System32\USER32.dll
0x00007ff90e040000 - 0x00007ff90e060000 	C:\WINDOWS\System32\win32u.dll
0x00007ff90e6a0000 - 0x00007ff90e6c8000 	C:\WINDOWS\System32\GDI32.dll
0x00007ff90e420000 - 0x00007ff90e5b3000 	C:\WINDOWS\System32\gdi32full.dll
0x00007ff90e160000 - 0x00007ff90e1fb000 	C:\WINDOWS\System32\msvcp_win.dll
0x00007ff90e060000 - 0x00007ff90e156000 	C:\WINDOWS\System32\ucrtbase.dll
0x00007ff904a30000 - 0x00007ff904c99000 	C:\WINDOWS\WinSxS\amd64_microsoft.windows.common-controls_6595b64144ccf1df_6.0.16299.125_none_15cbcf8893620c09\COMCTL32.dll
0x00007ff90fc80000 - 0x00007ff90ff88000 	C:\WINDOWS\System32\combase.dll
0x00007ff90e5c0000 - 0x00007ff90e632000 	C:\WINDOWS\System32\bcryptPrimitives.dll
0x00007ff910dc0000 - 0x00007ff910ded000 	C:\WINDOWS\System32\IMM32.DLL
0x000000005e2c0000 - 0x000000005e392000 	C:\Program Files\Java\jdk1.8.0_101\jre\bin\msvcr100.dll
0x000000005da20000 - 0x000000005e2ba000 	C:\Program Files\Java\jdk1.8.0_101\jre\bin\server\jvm.dll
0x00007ff910df0000 - 0x00007ff910df8000 	C:\WINDOWS\System32\PSAPI.DLL
0x00007ff90b670000 - 0x00007ff90b693000 	C:\WINDOWS\SYSTEM32\WINMM.dll
0x00007ff9099d0000 - 0x00007ff9099d9000 	C:\WINDOWS\SYSTEM32\WSOCK32.dll
0x00007ff910e00000 - 0x00007ff910e6c000 	C:\WINDOWS\System32\WS2_32.dll
0x00007ff907830000 - 0x00007ff90783a000 	C:\WINDOWS\SYSTEM32\VERSION.dll
0x00007ff90b5f0000 - 0x00007ff90b61a000 	C:\WINDOWS\SYSTEM32\WINMMBASE.dll
0x00007ff90e200000 - 0x00007ff90e24a000 	C:\WINDOWS\System32\cfgmgr32.dll
0x000000005da10000 - 0x000000005da1f000 	C:\Program Files\Java\jdk1.8.0_101\jre\bin\verify.dll
0x000000005d9e0000 - 0x000000005da09000 	C:\Program Files\Java\jdk1.8.0_101\jre\bin\java.dll
0x000000005d9c0000 - 0x000000005d9d6000 	C:\Program Files\Java\jdk1.8.0_101\jre\bin\zip.dll
0x00007ff90e6d0000 - 0x00007ff90fb06000 	C:\WINDOWS\System32\SHELL32.dll
0x00007ff910e70000 - 0x00007ff910f16000 	C:\WINDOWS\System32\shcore.dll
0x00007ff90d890000 - 0x00007ff90dfd7000 	C:\WINDOWS\System32\windows.storage.dll
0x00007ff910130000 - 0x00007ff910181000 	C:\WINDOWS\System32\shlwapi.dll
0x00007ff90d530000 - 0x00007ff90d541000 	C:\WINDOWS\System32\kernel.appcore.dll
0x00007ff90d4e0000 - 0x00007ff90d52c000 	C:\WINDOWS\System32\powrprof.dll
0x00007ff90d4c0000 - 0x00007ff90d4db000 	C:\WINDOWS\System32\profapi.dll
0x000000005d9a0000 - 0x000000005d9ba000 	C:\Program Files\Java\jdk1.8.0_101\jre\bin\net.dll
0x00007ff90cd50000 - 0x00007ff90cdb6000 	C:\WINDOWS\system32\mswsock.dll
0x000000005d980000 - 0x000000005d991000 	C:\Program Files\Java\jdk1.8.0_101\jre\bin\nio.dll
0x00007ff90cf10000 - 0x00007ff90cf27000 	C:\WINDOWS\SYSTEM32\CRYPTSP.dll
0x00007ff90c960000 - 0x00007ff90c993000 	C:\WINDOWS\system32\rsaenh.dll
0x00007ff90d020000 - 0x00007ff90d045000 	C:\WINDOWS\SYSTEM32\bcrypt.dll
0x00007ff90d3f0000 - 0x00007ff90d419000 	C:\WINDOWS\SYSTEM32\USERENV.dll
0x00007ff90cf30000 - 0x00007ff90cf3b000 	C:\WINDOWS\SYSTEM32\CRYPTBASE.dll
0x00007ff90cae0000 - 0x00007ff90cb19000 	C:\WINDOWS\SYSTEM32\IPHLPAPI.DLL
0x00007ff910c80000 - 0x00007ff910c88000 	C:\WINDOWS\System32\NSI.dll
0x00007ff9088b0000 - 0x00007ff9088c6000 	C:\WINDOWS\SYSTEM32\dhcpcsvc6.DLL
0x00007ff908890000 - 0x00007ff9088aa000 	C:\WINDOWS\SYSTEM32\dhcpcsvc.DLL
0x000000005d970000 - 0x000000005d97d000 	C:\Program Files\Java\jdk1.8.0_101\jre\bin\management.dll

VM Arguments:
jvm_args: -Dmaven.home=F:\maven\apache-maven-3.3.9-bin\apache-maven-3.3.9 -Dclassworlds.conf=F:\eclipse-workspace\.metadata\.plugins\org.eclipse.m2e.launching\launches\m2conf6874678296475767595.tmp -Dmaven.multiModuleProjectDirectory=F:\eclipse-workspace\e3-sso-web -Dfile.encoding=UTF-8 
java_command: org.codehaus.plexus.classworlds.launcher.Launcher -B -s F:\maven\MavenRepository_e3\repository\settings.xml clean tomcat7:run
java_class_path (initial): F:\maven\apache-maven-3.3.9-bin\apache-maven-3.3.9\boot\plexus-classworlds-2.5.2.jar
Launcher Type: SUN_STANDARD

Environment Variables:
JAVA_HOME=C:\Program Files\Java\jdk1.8.0_101
CLASSPATH=.;C:\Program Files\Java\jdk1.8.0_101\bin;C:\Program Files\Java\jdk1.8.0_101\lib\dt.jar;C:\Program Files\Java\jdk1.8.0_101\lib\tools.jar
PATH=C:/Program Files/Java/jre1.8.0_101/bin/server;C:/Program Files/Java/jre1.8.0_101/bin;C:/Program Files/Java/jre1.8.0_101/lib/amd64;F:\oracle\app\oracle\product\10.2.0\server\bin;C:\ProgramData\Oracle\Java\javapath;C:\Windows\system32;C:\Windows;C:\Windows\System32\Wbem;C:\Windows\System32\WindowsPowerShell\v1.0\;C:\Program Files (x86)\NVIDIA Corporation\PhysX\Common;C:\Program Files\Java\jdk1.8.0_101\bin;C:\Program Files\Java\jdk1.8.0_101\jre\bin;F:\git\Git\cmd;C:\WINDOWS\system32;C:\WINDOWS;C:\WINDOWS\System32\Wbem;C:\WINDOWS\System32\WindowsPowerShell\v1.0\;C:\Program Files\nodejs\;F:\mysql\bin;F:\svnService\bin;F:\maven\apache-maven-3.3.9-bin\apache-maven-3.3.9\bin;F:\mysqlinstall\bin;F:\mysql\mysql-5.6.24-win32\mysql-5.6.24-win32\bin;C:\Users\Ower\AppData\Local\Programs\Python\Python35\Scripts\;C:\Users\Ower\AppData\Local\Programs\Python\Python35\;C:\Users\Ower\AppData\Local\Microsoft\WindowsApps;C:\Users\Ower\AppData\Roaming\npm;J:\Virtual Machines;F:\eclipse\eclipse-jee-neon-3-win32-x86_64\eclipse;
USERNAME=Owner
OS=Windows_NT
PROCESSOR_IDENTIFIER=Intel64 Family 6 Model 60 Stepping 3, GenuineIntel



---------------  S Y S T E M  ---------------

OS: Windows 10.0 , 64 bit Build 16299 (10.0.16299.15)

CPU:total 4 (2 cores per cpu, 2 threads per core) family 6 model 60 stepping 3, cmov, cx8, fxsr, mmx, sse, sse2, sse3, ssse3, sse4.1, sse4.2, popcnt, avx, avx2, aes, clmul, erms, lzcnt, ht, tsc, tscinvbit, bmi1, bmi2

Memory: 4k page, physical 8281452k(2232632k free), swap 16214660k(428k free)

vm_info: Java HotSpot(TM) 64-Bit Server VM (25.101-b13) for windows-amd64 JRE (1.8.0_101-b13), built on Jun 22 2016 01:21:29 by "java_re" with MS VC++ 10.0 (VS2010)

time: Thu Mar 01 21:15:31 2018
elapsed time: 7 seconds (0d 0h 0m 7s)

